[2025-06-26T11:46:11.114Z] Bot is online.
[2025-06-26T11:52:52.147Z] Bot is online.
[2025-06-26T11:53:47.003Z] Error executing command: mute by e.dev.aashwinx
[2025-06-26T11:58:57.973Z] Command executed: kick by e.dev.aashwinx
[2025-06-26T12:04:23.235Z] Bot is online.
[2025-06-26T12:04:40.262Z] Command executed: verify by e.dev.aashwinx
[2025-06-26T12:44:21.674Z] [Kick] Moderator: e.dev.aashwinx | Target: cuto.sage | Reason: Abusing | Time: 2025-06-26T12:44:21.674Z
[2025-06-26T12:44:22.245Z] Command executed: kick by e.dev.aashwinx
[2025-06-26T12:46:53.778Z] Command executed: status by e.dev.aashwinx
[2025-06-26T12:59:47.639Z] [Verify] Moderator: e.dev.aashwinx | Target: e.dev.aashwinx | Reason: Assigned role: Verified Family | Time: 2025-06-26T12:59:47.639Z
[2025-06-26T12:59:48.051Z] Command executed: verify by e.dev.aashwinx
[2025-06-26T13:04:26.434Z] [Verify] Moderator: cuto.sage | Target: cuto.sage | Reason: Assigned role: Verified Family | Time: 2025-06-26T13:04:26.434Z
[2025-06-26T13:04:26.860Z] Command executed: verify by cuto.sage
[2025-06-26T14:27:08.693Z] Error executing command: setuproles by e.dev.aashwinx
[2025-06-26T14:27:17.326Z] Command executed: selfroles by e.dev.aashwinx
[2025-06-26T14:32:49.163Z] Command executed: selfroles by e.dev.aashwinx
[2025-06-26T14:33:11.313Z] [Verify] Moderator: e.dev.aashwinx | Target: e.dev.aashwinx | Reason: Assigned role: 👤 Verified Member | Time: 2025-06-26T14:33:11.313Z
[2025-06-26T14:33:12.228Z] Command executed: verify by e.dev.aashwinx
[2025-06-26T15:02:46.029Z] Command executed: status by e.dev.aashwinx
[2025-06-26T15:03:41.672Z] Error executing command: setuproles by e.dev.aashwinx
[2025-06-26T17:11:54.561Z] Error executing command: setuproles by e.dev.aashwinx
[2025-06-26T17:16:41.996Z] Command executed: setuproles by e.dev.aashwinx
[2025-06-26T17:16:56.111Z] Command executed: selfroles by e.dev.aashwinx
[2025-06-26T19:26:42.456Z] [Verify] Moderator: cuto.sage | Target: cuto.sage | Reason: Assigned role: 👤 Verified Member | Time: 2025-06-26T19:26:42.456Z
[2025-06-26T19:26:43.426Z] Command executed: verify by cuto.sage
[2025-06-26T19:27:09.940Z] [Verify] Moderator: cuto.sage | Target: cuto.sage | Reason: Assigned role: 🔧 Server Admin | Time: 2025-06-26T19:27:09.940Z
[2025-06-26T19:27:10.788Z] Command executed: verify by cuto.sage
[2025-06-26T19:28:19.741Z] [Verify] Moderator: e.dev.aashwinx | Target: e.dev.aashwinx | Reason: Assigned role: 👤 Verified Member | Time: 2025-06-26T19:28:19.741Z
[2025-06-26T19:28:20.601Z] Command executed: verify by e.dev.aashwinx
[2025-06-26T19:28:34.626Z] Command executed: selfroles by e.dev.aashwinx
[2025-06-27T21:06:52.924Z] Command executed: status by e.dev.aashwinx
[2025-06-27T21:31:31.232Z] Command executed: status by e.dev.aashwinx
